C:\USERS\GLAFRUIT\DATA\COURS_ULB\INFO_H502\[__TP__] INFO-H502\[9] BASIC_SHADERS\DEBUG\BASIC_SHADERS.EXE
C:\USERS\GLAFRUIT\DATA\COURS_ULB\INFO_H502\[__TP__] INFO-H502\[9] BASIC_SHADERS\DEBUG\BASIC_SHADERS.EXE.EMBED.MANIFEST
C:\USERS\GLAFRUIT\DATA\COURS_ULB\INFO_H502\[__TP__] INFO-H502\[9] BASIC_SHADERS\DEBUG\BASIC_SHADERS.EXE.EMBED.MANIFEST.RES
C:\USERS\GLAFRUIT\DATA\COURS_ULB\INFO_H502\[__TP__] INFO-H502\[9] BASIC_SHADERS\DEBUG\BASIC_SHADERS.EXE.INTERMEDIATE.MANIFEST
C:\USERS\GLAFRUIT\DATA\COURS_ULB\INFO_H502\[__TP__] INFO-H502\[9] BASIC_SHADERS\DEBUG\BASIC_SHADERS.ILK
C:\USERS\GLAFRUIT\DATA\COURS_ULB\INFO_H502\[__TP__] INFO-H502\[9] BASIC_SHADERS\DEBUG\BASIC_SHADERS.PDB
C:\Users\glafruit\Data\Cours_ULB\Info_H502\[__TP__] INFO-H502\[9] Basic_Shaders\Debug\Basic_Shaders.write.1.tlog
C:\Users\glafruit\Data\Cours_ULB\Info_H502\[__TP__] INFO-H502\[9] Basic_Shaders\Debug\Basic_Shaders_manifest.rc
C:\Users\glafruit\Data\Cours_ULB\Info_H502\[__TP__] INFO-H502\[9] Basic_Shaders\Debug\cl.command.1.tlog
C:\Users\glafruit\Data\Cours_ULB\Info_H502\[__TP__] INFO-H502\[9] Basic_Shaders\Debug\CL.read.1.tlog
C:\Users\glafruit\Data\Cours_ULB\Info_H502\[__TP__] INFO-H502\[9] Basic_Shaders\Debug\CL.write.1.tlog
C:\Users\glafruit\Data\Cours_ULB\Info_H502\[__TP__] INFO-H502\[9] Basic_Shaders\Debug\link.11016.read.1.tlog
C:\Users\glafruit\Data\Cours_ULB\Info_H502\[__TP__] INFO-H502\[9] Basic_Shaders\Debug\link.11016.write.1.tlog
C:\Users\glafruit\Data\Cours_ULB\Info_H502\[__TP__] INFO-H502\[9] Basic_Shaders\Debug\link.11016-cvtres.read.1.tlog
C:\Users\glafruit\Data\Cours_ULB\Info_H502\[__TP__] INFO-H502\[9] Basic_Shaders\Debug\link.11016-cvtres.write.1.tlog
C:\Users\glafruit\Data\Cours_ULB\Info_H502\[__TP__] INFO-H502\[9] Basic_Shaders\Debug\link.8868.read.1.tlog
C:\Users\glafruit\Data\Cours_ULB\Info_H502\[__TP__] INFO-H502\[9] Basic_Shaders\Debug\link.8868.write.1.tlog
C:\Users\glafruit\Data\Cours_ULB\Info_H502\[__TP__] INFO-H502\[9] Basic_Shaders\Debug\link.8868-cvtres.read.1.tlog
C:\Users\glafruit\Data\Cours_ULB\Info_H502\[__TP__] INFO-H502\[9] Basic_Shaders\Debug\link.8868-cvtres.write.1.tlog
C:\Users\glafruit\Data\Cours_ULB\Info_H502\[__TP__] INFO-H502\[9] Basic_Shaders\Debug\link.command.1.tlog
C:\Users\glafruit\Data\Cours_ULB\Info_H502\[__TP__] INFO-H502\[9] Basic_Shaders\Debug\link.read.1.tlog
C:\Users\glafruit\Data\Cours_ULB\Info_H502\[__TP__] INFO-H502\[9] Basic_Shaders\Debug\link.write.1.tlog
C:\Users\glafruit\Data\Cours_ULB\Info_H502\[__TP__] INFO-H502\[9] Basic_Shaders\Debug\link-cvtres.read.1.tlog
C:\Users\glafruit\Data\Cours_ULB\Info_H502\[__TP__] INFO-H502\[9] Basic_Shaders\Debug\link-cvtres.write.1.tlog
C:\USERS\GLAFRUIT\DATA\COURS_ULB\INFO_H502\[__TP__] INFO-H502\[9] BASIC_SHADERS\DEBUG\MAIN.OBJ
C:\Users\glafruit\Data\Cours_ULB\Info_H502\[__TP__] INFO-H502\[9] Basic_Shaders\Debug\mt.command.1.tlog
C:\Users\glafruit\Data\Cours_ULB\Info_H502\[__TP__] INFO-H502\[9] Basic_Shaders\Debug\mt.read.1.tlog
C:\Users\glafruit\Data\Cours_ULB\Info_H502\[__TP__] INFO-H502\[9] Basic_Shaders\Debug\mt.write.1.tlog
C:\Users\glafruit\Data\Cours_ULB\Info_H502\[__TP__] INFO-H502\[9] Basic_Shaders\Debug\rc.command.1.tlog
C:\Users\glafruit\Data\Cours_ULB\Info_H502\[__TP__] INFO-H502\[9] Basic_Shaders\Debug\rc.read.1.tlog
C:\Users\glafruit\Data\Cours_ULB\Info_H502\[__TP__] INFO-H502\[9] Basic_Shaders\Debug\rc.write.1.tlog
C:\USERS\GLAFRUIT\DATA\COURS_ULB\INFO_H502\[__TP__] INFO-H502\[9] BASIC_SHADERS\DEBUG\SCENE.OBJ
C:\USERS\GLAFRUIT\DATA\COURS_ULB\INFO_H502\[__TP__] INFO-H502\[9] BASIC_SHADERS\DEBUG\SHADER_OLD_STYLE.OBJ
C:\USERS\GLAFRUIT\DATA\COURS_ULB\INFO_H502\[__TP__] INFO-H502\[9] BASIC_SHADERS\DEBUG\SHADERS.OBJ
C:\Users\glafruit\Data\Cours_ULB\Info_H502\[__TP__] INFO-H502\[9] Basic_Shaders\Debug\vc100.idb
C:\USERS\GLAFRUIT\DATA\COURS_ULB\INFO_H502\[__TP__] INFO-H502\[9] BASIC_SHADERS\DEBUG\VC100.PDB
