C:\Users\glafruit\Data\Cours_ULB\Info_H502\[__TP__] INFO-H502\[1] OpenGL_Basic_Programming\[2] Cube_Sphere_Map\Debug\cl.command.1.tlog
C:\Users\glafruit\Data\Cours_ULB\Info_H502\[__TP__] INFO-H502\[1] OpenGL_Basic_Programming\[2] Cube_Sphere_Map\Debug\CL.read.1.tlog
C:\Users\glafruit\Data\Cours_ULB\Info_H502\[__TP__] INFO-H502\[1] OpenGL_Basic_Programming\[2] Cube_Sphere_Map\Debug\CL.write.1.tlog
C:\Users\glafruit\Data\Cours_ULB\Info_H502\[__TP__] INFO-H502\[1] OpenGL_Basic_Programming\[2] Cube_Sphere_Map\Debug\Cube_Sphere_Map.exe
C:\Users\glafruit\Data\Cours_ULB\Info_H502\[__TP__] INFO-H502\[1] OpenGL_Basic_Programming\[2] Cube_Sphere_Map\Debug\Cube_Sphere_Map.exe.embed.manifest
C:\Users\glafruit\Data\Cours_ULB\Info_H502\[__TP__] INFO-H502\[1] OpenGL_Basic_Programming\[2] Cube_Sphere_Map\Debug\Cube_Sphere_Map.exe.embed.manifest.res
C:\Users\glafruit\Data\Cours_ULB\Info_H502\[__TP__] INFO-H502\[1] OpenGL_Basic_Programming\[2] Cube_Sphere_Map\Debug\Cube_Sphere_Map.exe.intermediate.manifest
C:\Users\glafruit\Data\Cours_ULB\Info_H502\[__TP__] INFO-H502\[1] OpenGL_Basic_Programming\[2] Cube_Sphere_Map\Debug\Cube_Sphere_Map.ilk
C:\Users\glafruit\Data\Cours_ULB\Info_H502\[__TP__] INFO-H502\[1] OpenGL_Basic_Programming\[2] Cube_Sphere_Map\Debug\cube_sphere_map.obj
C:\Users\glafruit\Data\Cours_ULB\Info_H502\[__TP__] INFO-H502\[1] OpenGL_Basic_Programming\[2] Cube_Sphere_Map\Debug\Cube_Sphere_Map.pdb
C:\Users\glafruit\Data\Cours_ULB\Info_H502\[__TP__] INFO-H502\[1] OpenGL_Basic_Programming\[2] Cube_Sphere_Map\Debug\Cube_Sphere_Map.write.1.tlog
C:\Users\glafruit\Data\Cours_ULB\Info_H502\[__TP__] INFO-H502\[1] OpenGL_Basic_Programming\[2] Cube_Sphere_Map\Debug\Cube_Sphere_Map_manifest.rc
C:\Users\glafruit\Data\Cours_ULB\Info_H502\[__TP__] INFO-H502\[1] OpenGL_Basic_Programming\[2] Cube_Sphere_Map\Debug\link.7740.read.1.tlog
C:\Users\glafruit\Data\Cours_ULB\Info_H502\[__TP__] INFO-H502\[1] OpenGL_Basic_Programming\[2] Cube_Sphere_Map\Debug\link.7740.write.1.tlog
C:\Users\glafruit\Data\Cours_ULB\Info_H502\[__TP__] INFO-H502\[1] OpenGL_Basic_Programming\[2] Cube_Sphere_Map\Debug\link.7740-cvtres.read.1.tlog
C:\Users\glafruit\Data\Cours_ULB\Info_H502\[__TP__] INFO-H502\[1] OpenGL_Basic_Programming\[2] Cube_Sphere_Map\Debug\link.7740-cvtres.write.1.tlog
C:\Users\glafruit\Data\Cours_ULB\Info_H502\[__TP__] INFO-H502\[1] OpenGL_Basic_Programming\[2] Cube_Sphere_Map\Debug\link.command.1.tlog
C:\Users\glafruit\Data\Cours_ULB\Info_H502\[__TP__] INFO-H502\[1] OpenGL_Basic_Programming\[2] Cube_Sphere_Map\Debug\link.read.1.tlog
C:\Users\glafruit\Data\Cours_ULB\Info_H502\[__TP__] INFO-H502\[1] OpenGL_Basic_Programming\[2] Cube_Sphere_Map\Debug\link.write.1.tlog
C:\Users\glafruit\Data\Cours_ULB\Info_H502\[__TP__] INFO-H502\[1] OpenGL_Basic_Programming\[2] Cube_Sphere_Map\Debug\link-cvtres.read.1.tlog
C:\Users\glafruit\Data\Cours_ULB\Info_H502\[__TP__] INFO-H502\[1] OpenGL_Basic_Programming\[2] Cube_Sphere_Map\Debug\link-cvtres.write.1.tlog
C:\Users\glafruit\Data\Cours_ULB\Info_H502\[__TP__] INFO-H502\[1] OpenGL_Basic_Programming\[2] Cube_Sphere_Map\Debug\makeTexImage.obj
C:\Users\glafruit\Data\Cours_ULB\Info_H502\[__TP__] INFO-H502\[1] OpenGL_Basic_Programming\[2] Cube_Sphere_Map\Debug\mt.command.1.tlog
C:\Users\glafruit\Data\Cours_ULB\Info_H502\[__TP__] INFO-H502\[1] OpenGL_Basic_Programming\[2] Cube_Sphere_Map\Debug\mt.read.1.tlog
C:\Users\glafruit\Data\Cours_ULB\Info_H502\[__TP__] INFO-H502\[1] OpenGL_Basic_Programming\[2] Cube_Sphere_Map\Debug\mt.write.1.tlog
C:\Users\glafruit\Data\Cours_ULB\Info_H502\[__TP__] INFO-H502\[1] OpenGL_Basic_Programming\[2] Cube_Sphere_Map\Debug\rc.command.1.tlog
C:\Users\glafruit\Data\Cours_ULB\Info_H502\[__TP__] INFO-H502\[1] OpenGL_Basic_Programming\[2] Cube_Sphere_Map\Debug\rc.read.1.tlog
C:\Users\glafruit\Data\Cours_ULB\Info_H502\[__TP__] INFO-H502\[1] OpenGL_Basic_Programming\[2] Cube_Sphere_Map\Debug\rc.write.1.tlog
C:\Users\glafruit\Data\Cours_ULB\Info_H502\[__TP__] INFO-H502\[1] OpenGL_Basic_Programming\[2] Cube_Sphere_Map\Debug\vc100.idb
C:\Users\glafruit\Data\Cours_ULB\Info_H502\[__TP__] INFO-H502\[1] OpenGL_Basic_Programming\[2] Cube_Sphere_Map\Debug\vc100.pdb
C:\USERS\GLAFRUIT\DATA\COURS_ULB\INFO_H502\[1] STABLE_OPENGL_BASICS_CODE !!!!\[_1_] OPENGL_BASIC_PROGRAMMING\CUBE_SPHERE_MAP\DEBUG\CUBE_SPHERE_MAP.EXE
C:\USERS\GLAFRUIT\DATA\COURS_ULB\INFO_H502\[1] STABLE_OPENGL_BASICS_CODE !!!!\[_1_] OPENGL_BASIC_PROGRAMMING\CUBE_SPHERE_MAP\DEBUG\CUBE_SPHERE_MAP.EXE.EMBED.MANIFEST
C:\USERS\GLAFRUIT\DATA\COURS_ULB\INFO_H502\[1] STABLE_OPENGL_BASICS_CODE !!!!\[_1_] OPENGL_BASIC_PROGRAMMING\CUBE_SPHERE_MAP\DEBUG\CUBE_SPHERE_MAP.EXE.EMBED.MANIFEST.RES
C:\USERS\GLAFRUIT\DATA\COURS_ULB\INFO_H502\[1] STABLE_OPENGL_BASICS_CODE !!!!\[_1_] OPENGL_BASIC_PROGRAMMING\CUBE_SPHERE_MAP\DEBUG\CUBE_SPHERE_MAP.EXE.INTERMEDIATE.MANIFEST
C:\USERS\GLAFRUIT\DATA\COURS_ULB\INFO_H502\[1] STABLE_OPENGL_BASICS_CODE !!!!\[_1_] OPENGL_BASIC_PROGRAMMING\CUBE_SPHERE_MAP\DEBUG\CUBE_SPHERE_MAP.ILK
C:\USERS\GLAFRUIT\DATA\COURS_ULB\INFO_H502\[1] STABLE_OPENGL_BASICS_CODE !!!!\[_1_] OPENGL_BASIC_PROGRAMMING\CUBE_SPHERE_MAP\DEBUG\CUBE_SPHERE_MAP.OBJ
C:\USERS\GLAFRUIT\DATA\COURS_ULB\INFO_H502\[1] STABLE_OPENGL_BASICS_CODE !!!!\[_1_] OPENGL_BASIC_PROGRAMMING\CUBE_SPHERE_MAP\DEBUG\CUBE_SPHERE_MAP.PDB
C:\USERS\GLAFRUIT\DATA\COURS_ULB\INFO_H502\[1] STABLE_OPENGL_BASICS_CODE !!!!\[_1_] OPENGL_BASIC_PROGRAMMING\CUBE_SPHERE_MAP\DEBUG\MAKETEXIMAGE.OBJ
C:\USERS\GLAFRUIT\DATA\COURS_ULB\INFO_H502\[1] STABLE_OPENGL_BASICS_CODE !!!!\[_1_] OPENGL_BASIC_PROGRAMMING\CUBE_SPHERE_MAP\DEBUG\VC100.PDB
